
*** Running vivado
    with args -log Top.vds -m64 -product Vivado -mode batch -messageDb vivado.pb -notrace -source Top.tcl



****** Vivado v2024.1 (64-bit)
  **** SW Build 5076996 on Wed May 22 18:37:14 MDT 2024
  **** IP Build 5075265 on Wed May 22 21:45:21 MDT 2024
  **** SharedData Build 5076995 on Wed May 22 18:29:18 MDT 2024
  **** Start of session at: Sun Oct 13 19:39:31 2024
    ** Copyright 1986-2022 Xilinx, Inc. All Rights Reserved.
    ** Copyright 2022-2024 Advanced Micro Devices, Inc. All Rights Reserved.

source Top.tcl -notrace
Command: read_checkpoint -auto_incremental -incremental E:/Vivado/Lab7/Lab7.srcs/utils_1/imports/synth_1/DigitsSeperator.dcp
INFO: [Vivado 12-5825] Read reference checkpoint from E:/Vivado/Lab7/Lab7.srcs/utils_1/imports/synth_1/DigitsSeperator.dcp for incremental synthesis
INFO: [Vivado 12-7989] Please ensure there are no constraint changes
Command: synth_design -top Top -part xc7a100tcsg324-1
Starting synth_design
Attempting to get a license for feature 'Synthesis' and/or device 'xc7a100t'
INFO: [Common 17-349] Got license for feature 'Synthesis' and/or device 'xc7a100t'
INFO: [Device 21-403] Loading part xc7a100tcsg324-1
INFO: [Device 21-9227] Part: xc7a100tcsg324-1 does not have CEAM library.
INFO: [Designutils 20-5440] No compile time benefit to using incremental synthesis; A full resynthesis will be run
INFO: [Designutils 20-4379] Flow is switching to default flow due to incremental criteria not met. If you would like to alter this behaviour and have the flow terminate instead, please set the following parameter config_implementation {autoIncr.Synth.RejectBehavior Terminate}
INFO: [Synth 8-7079] Multithreading enabled for synth_design using a maximum of 2 processes.
INFO: [Synth 8-7078] Launching helper process for spawning children vivado processes
INFO: [Synth 8-7075] Helper process launched with PID 17532
---------------------------------------------------------------------------------
Starting RTL Elaboration : Time (s): cpu = 00:00:04 ; elapsed = 00:00:03 . Memory (MB): peak = 1402.621 ; gain = 451.348
---------------------------------------------------------------------------------
INFO: [Synth 8-6157] synthesizing module 'Top' [E:/Vivado/Lab7/Lab7.srcs/sources_1/new/Top.v:3]
INFO: [Synth 8-6157] synthesizing module 'FastClock' [E:/Vivado/Lab7/Lab7.srcs/sources_1/new/FastClock.v:3]
INFO: [Synth 8-6155] done synthesizing module 'FastClock' (0#1) [E:/Vivado/Lab7/Lab7.srcs/sources_1/new/FastClock.v:3]
INFO: [Synth 8-6157] synthesizing module 'SlowClock' [E:/Vivado/Lab7/Lab7.srcs/sources_1/new/SlowClock.v:4]
INFO: [Synth 8-6155] done synthesizing module 'SlowClock' (0#1) [E:/Vivado/Lab7/Lab7.srcs/sources_1/new/SlowClock.v:4]
INFO: [Synth 8-6157] synthesizing module 'counter2bit' [E:/Vivado/Lab7/Lab7.srcs/sources_1/new/counter2bit.v:3]
INFO: [Synth 8-6155] done synthesizing module 'counter2bit' (0#1) [E:/Vivado/Lab7/Lab7.srcs/sources_1/new/counter2bit.v:3]
INFO: [Synth 8-6157] synthesizing module 'secondsAndMinutesCounter' [E:/Vivado/Lab7/Lab7.srcs/sources_1/new/secondsAndMinutesCounter.v:3]
INFO: [Synth 8-6155] done synthesizing module 'secondsAndMinutesCounter' (0#1) [E:/Vivado/Lab7/Lab7.srcs/sources_1/new/secondsAndMinutesCounter.v:3]
INFO: [Synth 8-6157] synthesizing module 'DigitsSeperator' [E:/Vivado/Lab7/Lab7.srcs/sources_1/new/DigitsSeperator.v:5]
INFO: [Synth 8-6155] done synthesizing module 'DigitsSeperator' (0#1) [E:/Vivado/Lab7/Lab7.srcs/sources_1/new/DigitsSeperator.v:5]
INFO: [Synth 8-6157] synthesizing module 'MUX' [E:/Vivado/Lab7/Lab7.srcs/sources_1/new/MUX.v:4]
WARNING: [Synth 8-567] referenced signal 'min10s' should be on the sensitivity list [E:/Vivado/Lab7/Lab7.srcs/sources_1/new/MUX.v:19]
WARNING: [Synth 8-567] referenced signal 'min1s' should be on the sensitivity list [E:/Vivado/Lab7/Lab7.srcs/sources_1/new/MUX.v:19]
WARNING: [Synth 8-567] referenced signal 'sec10s' should be on the sensitivity list [E:/Vivado/Lab7/Lab7.srcs/sources_1/new/MUX.v:19]
WARNING: [Synth 8-567] referenced signal 'sec1s' should be on the sensitivity list [E:/Vivado/Lab7/Lab7.srcs/sources_1/new/MUX.v:19]
INFO: [Synth 8-6155] done synthesizing module 'MUX' (0#1) [E:/Vivado/Lab7/Lab7.srcs/sources_1/new/MUX.v:4]
INFO: [Synth 8-6157] synthesizing module 'BCDto7Seg' [E:/Vivado/Lab7/Lab7.srcs/sources_1/new/BCDto7Seg.v:4]
INFO: [Synth 8-155] case statement is not full and has no default [E:/Vivado/Lab7/Lab7.srcs/sources_1/new/BCDto7Seg.v:11]
INFO: [Synth 8-6155] done synthesizing module 'BCDto7Seg' (0#1) [E:/Vivado/Lab7/Lab7.srcs/sources_1/new/BCDto7Seg.v:4]
INFO: [Synth 8-6155] done synthesizing module 'Top' (0#1) [E:/Vivado/Lab7/Lab7.srcs/sources_1/new/Top.v:3]
WARNING: [Synth 8-3917] design Top has port DP driven by constant 1
---------------------------------------------------------------------------------
Finished RTL Elaboration : Time (s): cpu = 00:00:05 ; elapsed = 00:00:04 . Memory (MB): peak = 1512.367 ; gain = 561.094
---------------------------------------------------------------------------------
---------------------------------------------------------------------------------
Start Handling Custom Attributes
---------------------------------------------------------------------------------
---------------------------------------------------------------------------------
Finished Handling Custom Attributes : Time (s): cpu = 00:00:05 ; elapsed = 00:00:05 . Memory (MB): peak = 1512.367 ; gain = 561.094
---------------------------------------------------------------------------------
---------------------------------------------------------------------------------
Finished RTL Optimization Phase 1 : Time (s): cpu = 00:00:05 ; elapsed = 00:00:05 . Memory (MB): peak = 1512.367 ; gain = 561.094
---------------------------------------------------------------------------------
Netlist sorting complete. Time (s): cpu = 00:00:00 ; elapsed = 00:00:00.002 . Memory (MB): peak = 1512.367 ; gain = 0.000
INFO: [Project 1-570] Preparing netlist for logic optimization

Processing XDC Constraints
Initializing timing engine
Parsing XDC File [E:/Vivado/Lab7/Lab7.srcs/constrs_1/new/const.xdc]
Finished Parsing XDC File [E:/Vivado/Lab7/Lab7.srcs/constrs_1/new/const.xdc]
INFO: [Project 1-236] Implementation specific constraints were found while reading constraint file [E:/Vivado/Lab7/Lab7.srcs/constrs_1/new/const.xdc]. These constraints will be ignored for synthesis but will be used in implementation. Impacted constraints are listed in the file [.Xil/Top_propImpl.xdc].
Resolution: To avoid this warning, move constraints listed in [.Xil/Top_propImpl.xdc] to another XDC file and exclude this new file from synthesis with the used_in_synthesis property (File Properties dialog in GUI) and re-run elaboration/synthesis.
Completed Processing XDC Constraints

Netlist sorting complete. Time (s): cpu = 00:00:00 ; elapsed = 00:00:00 . Memory (MB): peak = 1614.250 ; gain = 0.000
INFO: [Project 1-111] Unisim Transformation Summary:
No Unisim elements were transformed.

Constraint Validation Runtime : Time (s): cpu = 00:00:00 ; elapsed = 00:00:00.001 . Memory (MB): peak = 1614.250 ; gain = 0.000
INFO: [Designutils 20-5440] No compile time benefit to using incremental synthesis; A full resynthesis will be run
INFO: [Designutils 20-4379] Flow is switching to default flow due to incremental criteria not met. If you would like to alter this behaviour and have the flow terminate instead, please set the following parameter config_implementation {autoIncr.Synth.RejectBehavior Terminate}
---------------------------------------------------------------------------------
Finished Constraint Validation : Time (s): cpu = 00:00:09 ; elapsed = 00:00:09 . Memory (MB): peak = 1614.250 ; gain = 662.977
---------------------------------------------------------------------------------
---------------------------------------------------------------------------------
Start Loading Part and Timing Information
---------------------------------------------------------------------------------
Loading part: xc7a100tcsg324-1
---------------------------------------------------------------------------------
Finished Loading Part and Timing Information : Time (s): cpu = 00:00:09 ; elapsed = 00:00:09 . Memory (MB): peak = 1614.250 ; gain = 662.977
---------------------------------------------------------------------------------
---------------------------------------------------------------------------------
Start Applying 'set_property' XDC Constraints
---------------------------------------------------------------------------------
---------------------------------------------------------------------------------
Finished applying 'set_property' XDC Constraints : Time (s): cpu = 00:00:09 ; elapsed = 00:00:09 . Memory (MB): peak = 1614.250 ; gain = 662.977
---------------------------------------------------------------------------------
WARNING: [Synth 8-327] inferring latch for variable 'seg7_reg' [E:/Vivado/Lab7/Lab7.srcs/sources_1/new/BCDto7Seg.v:12]
---------------------------------------------------------------------------------
Finished RTL Optimization Phase 2 : Time (s): cpu = 00:00:10 ; elapsed = 00:00:09 . Memory (MB): peak = 1614.250 ; gain = 662.977
---------------------------------------------------------------------------------
---------------------------------------------------------------------------------
Start RTL Component Statistics 
---------------------------------------------------------------------------------
Detailed RTL Component Info : 
+---Adders : 
	   2 Input   27 Bit       Adders := 2     
	   2 Input    6 Bit       Adders := 2     
	   2 Input    4 Bit       Adders := 8     
	   2 Input    2 Bit       Adders := 1     
+---Registers : 
	                6 Bit    Registers := 2     
	                2 Bit    Registers := 1     
	                1 Bit    Registers := 2     
+---Muxes : 
	   2 Input    8 Bit        Muxes := 1     
	   4 Input    8 Bit        Muxes := 1     
	   2 Input    4 Bit        Muxes := 7     
	   4 Input    4 Bit        Muxes := 1     
	   2 Input    1 Bit        Muxes := 1     
	  11 Input    1 Bit        Muxes := 1     
---------------------------------------------------------------------------------
Finished RTL Component Statistics 
---------------------------------------------------------------------------------
---------------------------------------------------------------------------------
Start Part Resource Summary
---------------------------------------------------------------------------------
Part Resources:
DSPs: 240 (col length:80)
BRAMs: 270 (col length: RAMB18 80 RAMB36 40)
---------------------------------------------------------------------------------
Finished Part Resource Summary
---------------------------------------------------------------------------------
---------------------------------------------------------------------------------
Start Cross Boundary and Area Optimization
---------------------------------------------------------------------------------
WARNING: [Synth 8-7080] Parallel synthesis criteria is not met
WARNING: [Synth 8-3917] design Top has port AN[7] driven by constant 1
WARNING: [Synth 8-3917] design Top has port AN[6] driven by constant 1
WARNING: [Synth 8-3917] design Top has port AN[5] driven by constant 1
WARNING: [Synth 8-3917] design Top has port AN[4] driven by constant 1
WARNING: [Synth 8-3917] design Top has port DP driven by constant 1
---------------------------------------------------------------------------------
Finished Cross Boundary and Area Optimization : Time (s): cpu = 00:00:11 ; elapsed = 00:00:11 . Memory (MB): peak = 1614.250 ; gain = 662.977
---------------------------------------------------------------------------------
---------------------------------------------------------------------------------
Start Applying XDC Timing Constraints
---------------------------------------------------------------------------------
---------------------------------------------------------------------------------
Finished Applying XDC Timing Constraints : Time (s): cpu = 00:00:15 ; elapsed = 00:00:14 . Memory (MB): peak = 1614.250 ; gain = 662.977
---------------------------------------------------------------------------------
---------------------------------------------------------------------------------
Start Timing Optimization
---------------------------------------------------------------------------------
---------------------------------------------------------------------------------
Finished Timing Optimization : Time (s): cpu = 00:00:15 ; elapsed = 00:00:14 . Memory (MB): peak = 1614.250 ; gain = 662.977
---------------------------------------------------------------------------------
---------------------------------------------------------------------------------
Start Technology Mapping
---------------------------------------------------------------------------------
---------------------------------------------------------------------------------
Finished Technology Mapping : Time (s): cpu = 00:00:15 ; elapsed = 00:00:15 . Memory (MB): peak = 1614.250 ; gain = 662.977
---------------------------------------------------------------------------------
---------------------------------------------------------------------------------
Start IO Insertion
---------------------------------------------------------------------------------
---------------------------------------------------------------------------------
Start Flattening Before IO Insertion
---------------------------------------------------------------------------------
---------------------------------------------------------------------------------
Finished Flattening Before IO Insertion
---------------------------------------------------------------------------------
---------------------------------------------------------------------------------
Start Final Netlist Cleanup
---------------------------------------------------------------------------------
---------------------------------------------------------------------------------
Finished Final Netlist Cleanup
---------------------------------------------------------------------------------
---------------------------------------------------------------------------------
Finished IO Insertion : Time (s): cpu = 00:00:18 ; elapsed = 00:00:17 . Memory (MB): peak = 1614.250 ; gain = 662.977
---------------------------------------------------------------------------------
---------------------------------------------------------------------------------
Start Renaming Generated Instances
---------------------------------------------------------------------------------
---------------------------------------------------------------------------------
Finished Renaming Generated Instances : Time (s): cpu = 00:00:18 ; elapsed = 00:00:17 . Memory (MB): peak = 1614.250 ; gain = 662.977
---------------------------------------------------------------------------------
---------------------------------------------------------------------------------
Start Rebuilding User Hierarchy
---------------------------------------------------------------------------------
---------------------------------------------------------------------------------
Finished Rebuilding User Hierarchy : Time (s): cpu = 00:00:18 ; elapsed = 00:00:18 . Memory (MB): peak = 1614.250 ; gain = 662.977
---------------------------------------------------------------------------------
---------------------------------------------------------------------------------
Start Renaming Generated Ports
---------------------------------------------------------------------------------
---------------------------------------------------------------------------------
Finished Renaming Generated Ports : Time (s): cpu = 00:00:18 ; elapsed = 00:00:18 . Memory (MB): peak = 1614.250 ; gain = 662.977
---------------------------------------------------------------------------------
---------------------------------------------------------------------------------
Start Handling Custom Attributes
---------------------------------------------------------------------------------
---------------------------------------------------------------------------------
Finished Handling Custom Attributes : Time (s): cpu = 00:00:18 ; elapsed = 00:00:18 . Memory (MB): peak = 1614.250 ; gain = 662.977
---------------------------------------------------------------------------------
---------------------------------------------------------------------------------
Start Renaming Generated Nets
---------------------------------------------------------------------------------
---------------------------------------------------------------------------------
Finished Renaming Generated Nets : Time (s): cpu = 00:00:18 ; elapsed = 00:00:18 . Memory (MB): peak = 1614.250 ; gain = 662.977
---------------------------------------------------------------------------------
---------------------------------------------------------------------------------
Start Writing Synthesis Report
---------------------------------------------------------------------------------

Report BlackBoxes: 
+-+--------------+----------+
| |BlackBox name |Instances |
+-+--------------+----------+
+-+--------------+----------+

Report Cell Usage: 
+------+-------+------+
|      |Cell   |Count |
+------+-------+------+
|1     |BUFG   |     1|
|2     |CARRY4 |    28|
|3     |LUT1   |     4|
|4     |LUT2   |     8|
|5     |LUT3   |     7|
|6     |LUT4   |    11|
|7     |LUT5   |    11|
|8     |LUT6   |    25|
|9     |MUXF7  |     1|
|10    |FDRE   |    70|
|11    |LD     |     7|
|12    |IBUF   |     1|
|13    |OBUF   |    16|
+------+-------+------+
---------------------------------------------------------------------------------
Finished Writing Synthesis Report : Time (s): cpu = 00:00:18 ; elapsed = 00:00:18 . Memory (MB): peak = 1614.250 ; gain = 662.977
---------------------------------------------------------------------------------
Synthesis finished with 0 errors, 0 critical warnings and 7 warnings.
Synthesis Optimization Runtime : Time (s): cpu = 00:00:12 ; elapsed = 00:00:17 . Memory (MB): peak = 1614.250 ; gain = 561.094
Synthesis Optimization Complete : Time (s): cpu = 00:00:18 ; elapsed = 00:00:18 . Memory (MB): peak = 1614.250 ; gain = 662.977
INFO: [Project 1-571] Translating synthesized netlist
Netlist sorting complete. Time (s): cpu = 00:00:00 ; elapsed = 00:00:00.002 . Memory (MB): peak = 1614.250 ; gain = 0.000
INFO: [Netlist 29-17] Analyzing 36 Unisim elements for replacement
INFO: [Netlist 29-28] Unisim Transformation completed in 0 CPU seconds
INFO: [Project 1-570] Preparing netlist for logic optimization
INFO: [Opt 31-138] Pushed 0 inverter(s) to 0 load pin(s).
Netlist sorting complete. Time (s): cpu = 00:00:00 ; elapsed = 00:00:00 . Memory (MB): peak = 1614.250 ; gain = 0.000
INFO: [Project 1-111] Unisim Transformation Summary:
  A total of 7 instances were transformed.
  LD => LDCE: 7 instances

Synth Design complete | Checksum: 7b17b10c
INFO: [Common 17-83] Releasing license: Synthesis
39 Infos, 12 Warnings, 0 Critical Warnings and 0 Errors encountered.
synth_design completed successfully
synth_design: Time (s): cpu = 00:00:21 ; elapsed = 00:00:21 . Memory (MB): peak = 1614.250 ; gain = 1079.320
Write ShapeDB Complete: Time (s): cpu = 00:00:00 ; elapsed = 00:00:00.001 . Memory (MB): peak = 1614.250 ; gain = 0.000
INFO: [Common 17-1381] The checkpoint 'E:/Vivado/Lab7/Lab7.runs/synth_1/Top.dcp' has been generated.
INFO: [Vivado 12-24828] Executing command : report_utilization -file Top_utilization_synth.rpt -pb Top_utilization_synth.pb
INFO: [Common 17-206] Exiting Vivado at Sun Oct 13 19:39:58 2024...
